<?xml version="1.0" encoding="UTF-8"?>
<testsuite name="com.innovationserver.InnovationserverApplicationTests" tests="1" skipped="0" failures="0" errors="0" timestamp="2023-07-27T08:22:36" hostname="gimbongseobs-MacBook-Air.local" time="0.155">
  <properties/>
  <testcase name="contextLoads()" classname="com.innovationserver.InnovationserverApplicationTests" time="0.155"/>
  <system-out><![CDATA[17:22:35.152 [Test worker] DEBUG org.springframework.test.context.BootstrapUtils - Instantiating CacheAwareContextLoaderDelegate from class [org.springframework.test.context.cache.DefaultCacheAwareContextLoaderDelegate]
17:22:35.156 [Test worker] DEBUG org.springframework.test.context.BootstrapUtils - Instantiating BootstrapContext using constructor [public org.springframework.test.context.support.DefaultBootstrapContext(java.lang.Class,org.springframework.test.context.CacheAwareContextLoaderDelegate)]
17:22:35.170 [Test worker] DEBUG org.springframework.test.context.BootstrapUtils - Instantiating TestContextBootstrapper for test class [com.innovationserver.InnovationserverApplicationTests] from class [org.springframework.boot.test.context.SpringBootTestContextBootstrapper]
17:22:35.174 [Test worker] INFO org.springframework.boot.test.context.SpringBootTestContextBootstrapper - Neither @ContextConfiguration nor @ContextHierarchy found for test class [com.innovationserver.InnovationserverApplicationTests], using SpringBootContextLoader
17:22:35.175 [Test worker] DEBUG org.springframework.test.context.support.AbstractContextLoader - Did not detect default resource location for test class [com.innovationserver.InnovationserverApplicationTests]: class path resource [com/innovationserver/InnovationserverApplicationTests-context.xml] does not exist
17:22:35.176 [Test worker] DEBUG org.springframework.test.context.support.AbstractContextLoader - Did not detect default resource location for test class [com.innovationserver.InnovationserverApplicationTests]: class path resource [com/innovationserver/InnovationserverApplicationTestsContext.groovy] does not exist
17:22:35.176 [Test worker] INFO org.springframework.test.context.support.AbstractContextLoader - Could not detect default resource locations for test class [com.innovationserver.InnovationserverApplicationTests]: no resource found for suffixes {-context.xml, Context.groovy}.
17:22:35.176 [Test worker] INFO org.springframework.test.context.support.AnnotationConfigContextLoaderUtils - Could not detect default configuration classes for test class [com.innovationserver.InnovationserverApplicationTests]: InnovationserverApplicationTests does not declare any static, non-private, non-final, nested classes annotated with @Configuration.
17:22:35.190 [Test worker] DEBUG org.springframework.test.context.support.ActiveProfilesUtils - Could not find an 'annotation declaring class' for annotation type [org.springframework.test.context.ActiveProfiles] and class [com.innovationserver.InnovationserverApplicationTests]
17:22:35.214 [Test worker] DEBUG org.springframework.context.annotation.ClassPathScanningCandidateComponentProvider - Identified candidate component class: file [/Users/kimbongseob/Downloads/innovationserver/build/classes/java/main/com/innovationserver/InnovationserverApplication.class]
17:22:35.215 [Test worker] INFO org.springframework.boot.test.context.SpringBootTestContextBootstrapper - Found @SpringBootConfiguration com.innovationserver.InnovationserverApplication for test class com.innovationserver.InnovationserverApplicationTests
17:22:35.248 [Test worker] DEBUG org.springframework.boot.test.context.SpringBootTestContextBootstrapper - @TestExecutionListeners is not present for class [com.innovationserver.InnovationserverApplicationTests]: using defaults.
17:22:35.248 [Test worker] INFO org.springframework.boot.test.context.SpringBootTestContextBootstrapper - Loaded default TestExecutionListener class names from location [META-INF/spring.factories]: [org.springframework.boot.test.autoconfigure.restdocs.RestDocsTestExecutionListener, org.springframework.boot.test.autoconfigure.web.client.MockRestServiceServerResetTestExecutionListener, org.springframework.boot.test.autoconfigure.web.servlet.MockMvcPrintOnlyOnFailureTestExecutionListener, org.springframework.boot.test.autoconfigure.web.servlet.WebDriverTestExecutionListener, org.springframework.boot.test.autoconfigure.webservices.client.MockWebServiceServerTestExecutionListener, org.springframework.boot.test.mock.mockito.MockitoTestExecutionListener, org.springframework.boot.test.mock.mockito.ResetMocksTestExecutionListener, org.springframework.test.context.web.ServletTestExecutionListener, org.springframework.test.context.support.DirtiesContextBeforeModesTestExecutionListener, org.springframework.test.context.event.ApplicationEventsTestExecutionListener, org.springframework.test.context.support.DependencyInjectionTestExecutionListener, org.springframework.test.context.support.DirtiesContextTestExecutionListener, org.springframework.test.context.transaction.TransactionalTestExecutionListener, org.springframework.test.context.jdbc.SqlScriptsTestExecutionListener, org.springframework.test.context.event.EventPublishingTestExecutionListener]
17:22:35.253 [Test worker] INFO org.springframework.boot.test.context.SpringBootTestContextBootstrapper - Using TestExecutionListeners: [org.springframework.test.context.web.ServletTestExecutionListener@62ea3440, org.springframework.test.context.support.DirtiesContextBeforeModesTestExecutionListener@27953a83, org.springframework.test.context.event.ApplicationEventsTestExecutionListener@556d0826, org.springframework.boot.test.mock.mockito.MockitoTestExecutionListener@66ce957f, org.springframework.boot.test.autoconfigure.SpringBootDependencyInjectionTestExecutionListener@55b5f5d2, org.springframework.test.context.support.DirtiesContextTestExecutionListener@5bfa8cc5, org.springframework.test.context.transaction.TransactionalTestExecutionListener@666b83a4, org.springframework.test.context.jdbc.SqlScriptsTestExecutionListener@749c877b, org.springframework.test.context.event.EventPublishingTestExecutionListener@efde75f, org.springframework.boot.test.autoconfigure.restdocs.RestDocsTestExecutionListener@16ecee1, org.springframework.boot.test.autoconfigure.web.client.MockRestServiceServerResetTestExecutionListener@3b220bcb, org.springframework.boot.test.autoconfigure.web.servlet.MockMvcPrintOnlyOnFailureTestExecutionListener@2b95e48b, org.springframework.boot.test.autoconfigure.web.servlet.WebDriverTestExecutionListener@4a3329b9, org.springframework.boot.test.autoconfigure.webservices.client.MockWebServiceServerTestExecutionListener@3dddefd8, org.springframework.boot.test.mock.mockito.ResetMocksTestExecutionListener@160ac7fb]
17:22:35.254 [Test worker] DEBUG org.springframework.test.context.support.AbstractDirtiesContextTestExecutionListener - Before test class: context [DefaultTestContext@7be58f16 testClass = InnovationserverApplicationTests, testInstance = [null], testMethod = [null], testException = [null], mergedContextConfiguration = [WebMergedContextConfiguration@242aa8d9 testClass = InnovationserverApplicationTests, locations = '{}', classes = '{class com.innovationserver.InnovationserverApplication}', contextInitializerClasses = '[]', activeProfiles = '{}', propertySourceLocations = '{}', propertySourceProperties = '{org.springframework.boot.test.context.SpringBootTestContextBootstrapper=true}', contextCustomizers = set[org.springframework.boot.test.autoconfigure.actuate.metrics.MetricsExportContextCustomizerFactory$DisableMetricExportContextCustomizer@36b4091c, org.springframework.boot.test.autoconfigure.properties.PropertyMappingContextCustomizer@0, org.springframework.boot.test.autoconfigure.web.servlet.WebDriverContextCustomizerFactory$Customizer@12359a82, org.springframework.boot.test.context.filter.ExcludeFilterContextCustomizer@5be46f9d, org.springframework.boot.test.json.DuplicateJsonObjectContextCustomizerFactory$DuplicateJsonObjectContextCustomizer@30c93896, org.springframework.boot.test.mock.mockito.MockitoContextCustomizer@0, org.springframework.boot.test.web.client.TestRestTemplateContextCustomizer@d41f816, org.springframework.boot.test.context.SpringBootTestArgs@1, org.springframework.boot.test.context.SpringBootTestWebEnvironment@6ab778a], resourceBasePath = 'src/main/webapp', contextLoader = 'org.springframework.boot.test.context.SpringBootContextLoader', parent = [null]], attributes = map['org.springframework.test.context.web.ServletTestExecutionListener.activateListener' -> true]], class annotated with @DirtiesContext [false] with mode [null].

  .   ____          _            __ _ _
 /\\ / ___'_ __ _ _(_)_ __  __ _ \ \ \ \
( ( )\___ | '_ | '_| | '_ \/ _` | \ \ \ \
 \\/  ___)| |_)| | | | | || (_| |  ) ) ) )
  '  |____| .__|_| |_|_| |_\__, | / / / /
 =========|_|==============|___/=/_/_/_/
 :: Spring Boot ::               (v2.7.14)

2023-07-27 17:22:35.381  INFO 7838 --- [    Test worker] c.i.InnovationserverApplicationTests     : Starting InnovationserverApplicationTests using Java 17.0.6 on gimbongseobs-MacBook-Air.local with PID 7838 (started by kimbongseob in /Users/kimbongseob/Downloads/innovationserver)
2023-07-27 17:22:35.382  INFO 7838 --- [    Test worker] c.i.InnovationserverApplicationTests     : No active profile set, falling back to 1 default profile: "default"
2023-07-27 17:22:35.617  WARN 7838 --- [    Test worker] o.m.s.mapper.ClassPathMapperScanner      : No MyBatis mapper was found in '[com.innovationserver]' package. Please check your configuration.
2023-07-27 17:22:36.058  INFO 7838 --- [    Test worker] c.i.InnovationserverApplicationTests     : Started InnovationserverApplicationTests in 0.788 seconds (JVM running for 1.222)
]]></system-out>
  <system-err><![CDATA[]]></system-err>
</testsuite>
